\BOOKMARK [1][-]{Doc-Start}{\376\377\004\022\004\062\004\065\004\064\004\065\004\075\004\070\004\065}{}% 1
\BOOKMARK [1][-]{section.1}{\376\377\004\037\004\076\004\101\004\102\004\060\004\075\004\076\004\062\004\072\004\060\000\040\004\067\004\060\004\064\004\060\004\107\004\070}{}% 2
\BOOKMARK [1][-]{section.2}{\376\377\004\036\004\077\004\070\004\101\004\060\004\075\004\070\004\065\000\040\004\074\004\065\004\102\004\076\004\064\004\076\004\062\000\040\004\102\004\065\004\101\004\102\004\070\004\100\004\076\004\062\004\060\004\075\004\070\004\117}{}% 3
\BOOKMARK [2][-]{subsection.2.1}{\376\377\004\034\004\065\004\102\004\076\004\064\000\040\004\107\004\065\004\100\004\075\004\076\004\063\004\076\000\040\004\117\004\111\004\070\004\072\004\060}{section.2}% 4
\BOOKMARK [3][-]{subsubsection.2.1.1}{\376\377\004\055\004\072\004\062\004\070\004\062\004\060\004\073\004\065\004\075\004\102\004\075\004\076\004\065\000\040\004\100\004\060\004\067\004\061\004\070\004\065\004\075\004\070\004\065}{subsection.2.1}% 5
\BOOKMARK [3][-]{subsubsection.2.1.2}{\376\377\004\020\004\075\004\060\004\073\004\070\004\067\000\040\004\063\004\100\004\060\004\075\004\070\004\107\004\075\004\113\004\105\000\040\004\067\004\075\004\060\004\107\004\065\004\075\004\070\004\071}{subsection.2.1}% 6
\BOOKMARK [3][-]{subsubsection.2.1.3}{\376\377\004\037\004\100\004\070\004\107\004\070\004\075\004\075\004\076\000-\004\101\004\073\004\065\004\064\004\101\004\102\004\062\004\065\004\075\004\075\004\113\004\065\000\040\004\064\004\070\004\060\004\063\004\100\004\060\004\074\004\074\004\113}{subsection.2.1}% 7
\BOOKMARK [2][-]{subsection.2.2}{\376\377\004\034\004\065\004\102\004\076\004\064\000\040\004\061\004\065\004\073\004\076\004\063\004\076\000\040\004\117\004\111\004\070\004\072\004\060}{section.2}% 8
\BOOKMARK [3][-]{subsubsection.2.2.1}{\376\377\004\037\004\076\004\072\004\100\004\113\004\102\004\070\004\065\000\040\004\076\004\077\004\065\004\100\004\060\004\102\004\076\004\100\004\076\004\062}{subsection.2.2}% 9
\BOOKMARK [3][-]{subsubsection.2.2.2}{\376\377\004\037\004\076\004\072\004\100\004\113\004\102\004\070\004\065\000\040\004\100\004\065\004\110\004\065\004\075\004\070\004\071}{subsection.2.2}% 10
\BOOKMARK [3][-]{subsubsection.2.2.3}{\376\377\004\037\004\076\004\072\004\100\004\113\004\102\004\070\004\065\000\040\004\103\004\101\004\073\004\076\004\062\004\070\004\071}{subsection.2.2}% 11
\BOOKMARK [3][-]{subsubsection.2.2.4}{\376\377\004\037\004\076\004\072\004\100\004\113\004\102\004\070\004\065\000\040\004\100\004\065\004\110\004\065\004\075\004\070\004\071\000\040\004\070\000\040\004\103\004\101\004\073\004\076\004\062\004\070\004\071}{subsection.2.2}% 12
\BOOKMARK [3][-]{subsubsection.2.2.5}{\376\377\004\032\004\076\004\074\004\061\004\070\004\075\004\060\004\102\004\076\004\100\004\075\004\076\004\065\000\040\004\077\004\076\004\072\004\100\004\113\004\102\004\070\004\065\000\040\004\103\004\101\004\073\004\076\004\062\004\070\004\071}{subsection.2.2}% 13
\BOOKMARK [1][-]{section.3}{\376\377\004\042\004\065\004\101\004\102\004\070\004\100\004\076\004\062\004\060\004\075\004\070\004\065\000\040\004\077\004\100\004\076\004\063\004\100\004\060\004\074\004\074\004\113\000\040\041\026\0001}{}% 14
\BOOKMARK [2][-]{subsection.3.1}{\376\377\004\036\004\077\004\070\004\101\004\060\004\075\004\070\004\065\000\040\004\077\004\100\004\076\004\063\004\100\004\060\004\074\004\074\004\113}{section.3}% 15
\BOOKMARK [2][-]{subsection.3.2}{\376\377\004\042\004\065\004\101\004\102\004\070\004\100\004\076\004\062\004\060\004\075\004\070\004\065\000\040\004\074\004\065\004\102\004\076\004\064\004\076\004\074\000\040\000<\000<\004\107\004\065\004\100\004\075\004\076\004\063\004\076\000>\000>\000\040\004\117\004\111\004\070\004\072\004\060}{section.3}% 16
\BOOKMARK [3][-]{subsubsection.3.2.1}{\376\377\004\040\004\060\004\067\004\061\004\070\004\065\004\075\004\070\004\065\000\040\004\075\004\060\000\040\004\072\004\073\004\060\004\101\004\101\004\113\000\040\004\115\004\072\004\062\004\070\004\062\004\060\004\073\004\065\004\075\004\102\004\075\004\076\004\101\004\102\004\070}{subsection.3.2}% 17
\BOOKMARK [3][-]{subsubsection.3.2.2}{\376\377\004\020\004\075\004\060\004\073\004\070\004\067\000\040\004\063\004\100\004\060\004\075\004\070\004\107\004\075\004\113\004\105\000\040\004\103\004\101\004\073\004\076\004\062\004\070\004\071}{subsection.3.2}% 18
\BOOKMARK [3][-]{subsubsection.3.2.3}{\376\377\004\037\004\100\004\070\004\107\004\070\004\075\004\075\004\076\000-\004\101\004\073\004\065\004\064\004\101\004\102\004\062\004\065\004\075\004\075\004\060\004\117\000\040\004\064\004\070\004\060\004\063\004\100\004\060\004\074\004\074\004\060}{subsection.3.2}% 19
\BOOKMARK [3][-]{subsubsection.3.2.4}{\376\377\004\040\004\065\004\067\004\103\004\073\004\114\004\102\004\060\004\102\004\113\000\040\004\102\004\065\004\101\004\102\004\070\004\100\004\076\004\062\004\060\004\075\004\070\004\117\000\040\004\077\004\100\004\076\004\063\004\100\004\060\004\074\004\074\004\113\000\040\004\074\004\065\004\102\004\076\004\064\004\076\004\074\000\040\004\107\004\121\004\100\004\075\004\076\004\063\004\076\000\040\004\117\004\111\004\070\004\072\004\060}{subsection.3.2}% 20
\BOOKMARK [1][-]{section.4}{\376\377\004\042\004\065\004\101\004\102\004\070\004\100\004\076\004\062\004\060\004\075\004\070\004\065\000\040\004\077\004\100\004\076\004\063\004\100\004\060\004\074\004\074\004\113\000\040\041\026\0002}{}% 21
\BOOKMARK [2][-]{subsection.4.1}{\376\377\004\036\004\077\004\070\004\101\004\060\004\075\004\070\004\065\000\040\004\077\004\100\004\076\004\063\004\100\004\060\004\074\004\074\004\113}{section.4}% 22
\BOOKMARK [2][-]{subsection.4.2}{\376\377\004\042\004\065\004\101\004\102\004\070\004\100\004\076\004\062\004\060\004\075\004\070\004\065\000\040\004\074\004\065\004\102\004\076\004\064\004\076\004\074\000\040\004\061\004\065\004\073\004\076\004\063\004\076\000\040\004\117\004\111\004\070\004\072\004\060}{section.4}% 23
\BOOKMARK [3][-]{subsubsection.4.2.1}{\376\377\004\037\004\076\004\072\004\100\004\113\004\102\004\070\004\065\000\040\004\076\004\077\004\065\004\100\004\060\004\102\004\076\004\100\004\076\004\062}{subsection.4.2}% 24
\BOOKMARK [3][-]{subsubsection.4.2.2}{\376\377\004\037\004\076\004\072\004\100\004\113\004\102\004\070\004\065\000\040\004\100\004\065\004\110\004\065\004\075\004\070\004\071}{subsection.4.2}% 25
\BOOKMARK [3][-]{subsubsection.4.2.3}{\376\377\004\037\004\076\004\072\004\100\004\113\004\102\004\070\004\065\000\040\004\103\004\101\004\073\004\076\004\062\004\070\004\071}{subsection.4.2}% 26
\BOOKMARK [3][-]{subsubsection.4.2.4}{\376\377\004\037\004\076\004\072\004\100\004\113\004\102\004\070\004\065\000\040\004\100\004\065\004\110\004\065\004\075\004\070\004\071\000\040\004\070\000\040\004\103\004\101\004\073\004\076\004\062\004\070\004\071}{subsection.4.2}% 27
\BOOKMARK [3][-]{subsubsection.4.2.5}{\376\377\004\032\004\076\004\074\004\061\004\070\004\075\004\060\004\102\004\076\004\100\004\075\004\076\004\065\000\040\004\077\004\076\004\072\004\100\004\113\004\102\004\070\004\065\000\040\004\103\004\101\004\073\004\076\004\062\004\070\004\071}{subsection.4.2}% 28
\BOOKMARK [3][-]{subsubsection.4.2.6}{\376\377\004\040\004\065\004\067\004\103\004\073\004\114\004\102\004\060\004\102\004\113\000\040\004\102\004\065\004\101\004\102\004\070\004\100\004\076\004\062\004\060\004\075\004\070\004\117\000\040\004\074\004\065\004\102\004\076\004\064\004\076\004\074\000\040\004\061\004\065\004\073\004\076\004\063\004\076\000\040\004\117\004\111\004\070\004\072\004\060}{subsection.4.2}% 29
\BOOKMARK [1][-]{section.5}{\376\377\004\027\004\060\004\072\004\073\004\116\004\107\004\065\004\075\004\070\004\065}{}% 30
